2021/07/02 09:15:46:917[ERROR] token is empty!
2021/07/02 09:15:59:421[ERROR] token is empty!
2021/07/02 09:17:04:246[ERROR] token is empty!
2021/07/02 09:17:05:337[ERROR] token is empty!
2021/07/02 09:17:05:909[ERROR] token is empty!
2021/07/02 09:17:06:456[ERROR] token is empty!
2021/07/02 09:17:08:012[ERROR] token is empty!
2021/07/02 09:17:09:217[ERROR] token is empty!
2021/07/02 09:17:10:068[ERROR] token is empty!
2021/07/02 09:17:10:614[ERROR] token is empty!
2021/07/02 09:17:11:025[ERROR] token is empty!
2021/07/02 09:17:11:462[ERROR] token is empty!
2021/07/02 09:18:36:570[ERROR] token is empty!
2021/07/02 09:20:01:370[ERROR] token is empty!
2021/07/02 09:20:02:673[ERROR] token is empty!
2021/07/02 09:20:42:950[ERROR] token is empty!
2021/07/02 09:20:44:193[ERROR] token is empty!
2021/07/02 09:20:44:850[ERROR] token is empty!
2021/07/02 09:31:02:226[ERROR] Failed to obtain JDBC Connection; nested exception is com.mysql.cj.jdbc.exceptions.CommunicationsException: Communications link failure

The last packet sent successfully to the server was 0 milliseconds ago. The driver has not received any packets from the server.
2021/07/02 09:38:58:874[ERROR] Failed to obtain JDBC Connection; nested exception is com.mysql.cj.jdbc.exceptions.CommunicationsException: Communications link failure

The last packet sent successfully to the server was 0 milliseconds ago. The driver has not received any packets from the server.
2021/07/02 09:44:20:607[ERROR] Failed to obtain JDBC Connection; nested exception is com.mysql.cj.jdbc.exceptions.CommunicationsException: Communications link failure

The last packet sent successfully to the server was 0 milliseconds ago. The driver has not received any packets from the server.
2021/07/02 10:03:28:179[ERROR] Failed to obtain JDBC Connection; nested exception is com.mysql.cj.jdbc.exceptions.CommunicationsException: Communications link failure

The last packet sent successfully to the server was 0 milliseconds ago. The driver has not received any packets from the server.
2021/07/02 10:06:45:986[ERROR] Failed to obtain JDBC Connection; nested exception is com.mysql.cj.jdbc.exceptions.CommunicationsException: Communications link failure

The last packet sent successfully to the server was 0 milliseconds ago. The driver has not received any packets from the server.
2021/07/02 10:06:54:580[ERROR] Failed to obtain JDBC Connection; nested exception is com.mysql.cj.jdbc.exceptions.CommunicationsException: Communications link failure

The last packet sent successfully to the server was 0 milliseconds ago. The driver has not received any packets from the server.
2021/07/02 10:14:30:587[ERROR] Failed to obtain JDBC Connection; nested exception is com.mysql.cj.jdbc.exceptions.CommunicationsException: Communications link failure

The last packet sent successfully to the server was 0 milliseconds ago. The driver has not received any packets from the server.
2021/07/02 10:17:34:593[ERROR] Failed to obtain JDBC Connection; nested exception is com.mysql.cj.jdbc.exceptions.CommunicationsException: Communications link failure

The last packet sent successfully to the server was 0 milliseconds ago. The driver has not received any packets from the server.
2021/07/02 10:25:50:602[ERROR] Failed to obtain JDBC Connection; nested exception is com.mysql.cj.jdbc.exceptions.CommunicationsException: Communications link failure

The last packet sent successfully to the server was 0 milliseconds ago. The driver has not received any packets from the server.
2021/07/02 10:27:06:616[ERROR] Failed to obtain JDBC Connection; nested exception is com.mysql.cj.jdbc.exceptions.CommunicationsException: Communications link failure

The last packet sent successfully to the server was 0 milliseconds ago. The driver has not received any packets from the server.
2021/07/02 10:27:22:035[ERROR] Failed to obtain JDBC Connection; nested exception is com.mysql.cj.jdbc.exceptions.CommunicationsException: Communications link failure

The last packet sent successfully to the server was 0 milliseconds ago. The driver has not received any packets from the server.
2021/07/02 10:27:41:308[ERROR] Failed to obtain JDBC Connection; nested exception is com.mysql.cj.jdbc.exceptions.CommunicationsException: Communications link failure

The last packet sent successfully to the server was 0 milliseconds ago. The driver has not received any packets from the server.
2021/07/02 10:32:06:182[ERROR] Failed to obtain JDBC Connection; nested exception is com.mysql.cj.jdbc.exceptions.CommunicationsException: Communications link failure

The last packet sent successfully to the server was 0 milliseconds ago. The driver has not received any packets from the server.
2021/07/02 10:49:43:953[ERROR] Failed to obtain JDBC Connection; nested exception is com.mysql.cj.jdbc.exceptions.CommunicationsException: Communications link failure

The last packet sent successfully to the server was 0 milliseconds ago. The driver has not received any packets from the server.
2021/07/02 10:52:35:590[ERROR] PreparedStatementCallback; bad SQL grammar [SELECT id,first_name,last_name,password,phone,email FROM user WHERE id = ?]; nested exception is java.sql.SQLSyntaxErrorException: Unknown column 'first_name' in 'field list'
2021/07/02 10:54:08:984[ERROR] PreparedStatementCallback; bad SQL grammar [SELECT id,first_name,last_name,password,phone,email FROM user WHERE id = ?]; nested exception is java.sql.SQLSyntaxErrorException: Unknown column 'email' in 'field list'
2021/07/02 15:07:29:485[ERROR] token is empty!
2021/07/02 15:07:35:071[ERROR] token is empty!
2021/07/02 15:14:19:155[ERROR] token is empty!
2021/07/02 16:09:19:327[ERROR] StatementCallback; bad SQL grammar [SELECT id,name,date,folder_id,user_id FROM folder WHERE id = ? and user_id = ?]; nested exception is java.sql.SQLSyntaxErrorException: You have an error in your SQL syntax; check the manual that corresponds to your MySQL server version for the right syntax to use near '? and user_id = ?' at line 1
2021/07/02 16:13:41:800[ERROR] StatementCallback; bad SQL grammar [SELECT id,name,date,folder_id,user_id FROM folder WHERE id = ? and user_id = ?]; nested exception is java.sql.SQLSyntaxErrorException: You have an error in your SQL syntax; check the manual that corresponds to your MySQL server version for the right syntax to use near '? and user_id = ?' at line 1
2021/07/02 16:15:13:384[ERROR] StatementCallback; bad SQL grammar [SELECT id,name,date,folder_id,user_id FROM folder WHERE id = ? and user_id = ?]; nested exception is java.sql.SQLSyntaxErrorException: You have an error in your SQL syntax; check the manual that corresponds to your MySQL server version for the right syntax to use near '? and user_id = ?' at line 1
2021/07/02 16:16:11:167[ERROR] StatementCallback; bad SQL grammar [SELECT id,name,date,folder_id,user_id FROM folder WHERE id = ? and user_id = ?]; nested exception is java.sql.SQLSyntaxErrorException: You have an error in your SQL syntax; check the manual that corresponds to your MySQL server version for the right syntax to use near '? and user_id = ?' at line 1
2021/07/02 16:17:07:648[ERROR] StatementCallback; bad SQL grammar [SELECT id,name,date,folder_id,user_id FROM folder WHERE id = ? and user_id = ?]; nested exception is java.sql.SQLSyntaxErrorException: You have an error in your SQL syntax; check the manual that corresponds to your MySQL server version for the right syntax to use near '? and user_id = ?' at line 1
2021/07/02 16:17:44:567[ERROR] StatementCallback; bad SQL grammar [SELECT id,name,date,folder_id,user_id FROM folder WHERE id = ? and user_id = ?]; nested exception is java.sql.SQLSyntaxErrorException: You have an error in your SQL syntax; check the manual that corresponds to your MySQL server version for the right syntax to use near '? and user_id = ?' at line 1
2021/07/02 16:18:07:221[ERROR] StatementCallback; bad SQL grammar [SELECT id,name,date,folder_id,user_id FROM folder WHERE id = ? and user_id = ?]; nested exception is java.sql.SQLSyntaxErrorException: You have an error in your SQL syntax; check the manual that corresponds to your MySQL server version for the right syntax to use near '? and user_id = ?' at line 1
2021/07/02 16:18:47:216[ERROR] StatementCallback; bad SQL grammar [SELECT id,name,date,folder_id,user_id FROM folder WHERE id = ? and user_id = ?]; nested exception is java.sql.SQLSyntaxErrorException: You have an error in your SQL syntax; check the manual that corresponds to your MySQL server version for the right syntax to use near '? and user_id = ?' at line 1
2021/07/02 16:19:12:540[ERROR] StatementCallback; bad SQL grammar [SELECT id,name,date,folder_id,user_id FROM folder WHERE id = ? and user_id = ?]; nested exception is java.sql.SQLSyntaxErrorException: You have an error in your SQL syntax; check the manual that corresponds to your MySQL server version for the right syntax to use near '? and user_id = ?' at line 1
2021/07/02 16:30:26:509[ERROR] StatementCallback; bad SQL grammar [SELECT id,name,date,folder_id,user_id FROM folder WHERE id = ? and user_id = ?]; nested exception is java.sql.SQLSyntaxErrorException: You have an error in your SQL syntax; check the manual that corresponds to your MySQL server version for the right syntax to use near '? and user_id = ?' at line 1
2021/07/02 16:33:07:016[ERROR] StatementCallback; bad SQL grammar [SELECT id,name,date,folder_id,user_id FROM folder WHERE id = ? and user_id = ?]; nested exception is java.sql.SQLSyntaxErrorException: You have an error in your SQL syntax; check the manual that corresponds to your MySQL server version for the right syntax to use near '? and user_id = ?' at line 1
2021/07/02 16:38:29:864[ERROR] StatementCallback; bad SQL grammar [SELECT id,name,date,folder_id,user_id FROM folder WHERE id = ? and user_id = ?]; nested exception is java.sql.SQLSyntaxErrorException: You have an error in your SQL syntax; check the manual that corresponds to your MySQL server version for the right syntax to use near '? and user_id = ?' at line 1
2021/07/02 16:43:20:756[ERROR] StatementCallback; bad SQL grammar [SELECT id,name,date,folder_id,user_id FROM folder WHERE id = ? and user_id = ?]; nested exception is java.sql.SQLSyntaxErrorException: You have an error in your SQL syntax; check the manual that corresponds to your MySQL server version for the right syntax to use near '? and user_id = ?' at line 1
2021/07/02 16:48:08:087[ERROR] class vn.co.vis.restful.dao.entity.Folder cannot be cast to class java.util.List (vn.co.vis.restful.dao.entity.Folder is in unnamed module of loader 'app'; java.util.List is in module java.base of loader 'bootstrap')
2021/07/03 14:40:11:494[ERROR] Failed to obtain JDBC Connection; nested exception is java.sql.SQLException: Access denied for user 'root'@'localhost' (using password: NO)
2021/07/03 14:40:23:847[ERROR] Failed to obtain JDBC Connection; nested exception is java.sql.SQLException: Access denied for user 'root'@'localhost' (using password: NO)
2021/07/03 14:40:40:253[ERROR] Failed to obtain JDBC Connection; nested exception is java.sql.SQLException: Access denied for user 'root'@'localhost' (using password: NO)
2021/07/03 14:47:37:085[ERROR] Failed to obtain JDBC Connection; nested exception is java.sql.SQLException: Access denied for user 'root'@'localhost' (using password: NO)
2021/07/03 14:48:24:776[ERROR] Failed to obtain JDBC Connection; nested exception is java.sql.SQLException: Access denied for user 'root'@'localhost' (using password: NO)
2021/07/03 14:51:41:860[ERROR] Failed to obtain JDBC Connection; nested exception is java.sql.SQLException: Access denied for user 'root'@'localhost' (using password: NO)
2021/07/03 14:54:43:078[ERROR] Failed to obtain JDBC Connection; nested exception is java.sql.SQLException: Access denied for user 'root'@'localhost' (using password: NO)
2021/07/03 14:57:04:728[ERROR] Failed to obtain JDBC Connection; nested exception is java.sql.SQLException: Access denied for user 'root'@'localhost' (using password: NO)
2021/07/03 14:57:57:896[ERROR] Failed to obtain JDBC Connection; nested exception is java.sql.SQLException: Access denied for user 'root'@'localhost' (using password: NO)
2021/07/03 14:59:13:938[ERROR] Failed to obtain JDBC Connection; nested exception is java.sql.SQLException: Access denied for user 'root'@'localhost' (using password: NO)
2021/07/03 15:04:19:384[ERROR] Failed to obtain JDBC Connection; nested exception is java.sql.SQLException: No suitable driver found for jdbc:mysql:Mysql@127.0.0.1:3306/test?serverTimezone=JST&useLegacyDatetimeCode=false&zeroDateTimeBehavior=convertToNull&useUnicode=yes&characterEncoding=UTF-8
2021/07/03 15:05:11:157[ERROR] Failed to obtain JDBC Connection; nested exception is java.sql.SQLException: Access denied for user 'root'@'localhost' (using password: NO)
